<?xml version='1.0' encoding='UTF-8'?>
<testsuite hostname="MacBook-Pro.local" name="adderTest" tests="1" errors="0" failures="1" skipped="0" time="0.66" timestamp="2023-10-25T23:23:38">
          <properties>
[...]
</properties>
          <testcase classname="adderTest" name="adder should pass" time="0.66">
                      <failure message="io_o=6 (0x6) did not equal expected=25 (0x19) (lines in maintest.scala: 16, 10)" type="org.scalatest.exceptions.TestFailedException">org.scalatest.exceptions.TestFailedException: io_o=6 (0x6) did not equal expected=25 (0x19) (lines in maintest.scala: 16, 10)
	at chiseltest.internal.TestEnvInterface.signalExpectFailure(TestEnvInterface.scala:60)
	at chiseltest.internal.TestEnvInterface.signalExpectFailure$(TestEnvInterface.scala:45)
	at adderTest.signalExpectFailure(maintest.scala:7)
	at chiseltest.package$Utils$.expectFailed(package.scala:499)
	at chiseltest.package$Utils$.expectBits(package.scala:490)
	at chiseltest.package$testableUInt.expectInternal(package.scala:55)
	at chiseltest.package$testableUInt.expect(package.scala:57)
	at adderTest.$anonfun$new$3(maintest.scala:16)
	at adderTest.$anonfun$new$3$adapted(maintest.scala:10)
	at chiseltest.internal.GenericBackend.$anonfun$run$1(GenericBackend.scala:153)
	at chiseltest.internal.ThreadedBackend$TesterThread$$anon$1.$anonfun$run$1(ThreadedBackend.scala:495)
	at chiseltest.internal.GenericBackend.doTimescope(GenericBackend.scala:98)
	at chiseltest.internal.ThreadedBackend$TesterThread$$anon$1.run(ThreadedBackend.scala:495)
	at java.lang.Thread.run(Thread.java:750)
Caused by: chiseltest.internal.FailedExpectException: io_o=6 (0x6) did not equal expected=25 (0x19) (lines in maintest.scala: 16, 10)
	... 14 more
</failure>
                    </testcase>
          <system-out><![CDATA[]]></system-out>
          <system-err><![CDATA[]]></system-err>
        </testsuite>